[     388ms] [INFO] %cDownload the React DevTools for a better development experience: https://reactjs.org/link/react-devtools font-weight:bold @ webpack-internal:///(app-pages-browser)/./node_modules/next/dist/compiled/react-dom/cjs/react-dom.development.js:38559
[  133362ms] [ERROR] ./data/templates.ts
Error: Failed to read source code from C:\Users\thswn\Documents\Playground\wemplate\data\templates.ts

Caused by:
    지정된 파일을 찾을 수 없습니다. (os error 2)

Import trace for requested module:
./data/templates.ts
./components/sections/hero-best-sellers.tsx @ webpack-internal:///(app-pages-browser)/./node_modules/next/dist/client/app-index.js:32
[  133362ms] [ERROR] ./data/templates.ts
Error: Failed to read source code from C:\Users\thswn\Documents\Playground\wemplate\data\templates.ts

Caused by:
    지정된 파일을 찾을 수 없습니다. (os error 2)

Import trace for requested module:
./data/templates.ts
./app/templates/[id]/page.tsx @ webpack-internal:///(app-pages-browser)/./node_modules/next/dist/client/app-index.js:32
[  174389ms] [ERROR] ./data/templates.ts
Error: Failed to read source code from C:\Users\thswn\Documents\Playground\wemplate\data\templates.ts

Caused by:
    지정된 파일을 찾을 수 없습니다. (os error 2)

Import trace for requested module:
./data/templates.ts
./components/sections/hero-best-sellers.tsx @ webpack-internal:///(app-pages-browser)/./node_modules/next/dist/client/app-index.js:32
[  174390ms] [LOG] [Fast Refresh] rebuilding @ webpack-internal:///(app-pages-browser)/./node_modules/next/dist/client/components/react-dev-overlay/app/hot-reloader-client.js:186
[  174693ms] [LOG] [Fast Refresh] done in 304ms @ webpack-internal:///(app-pages-browser)/./node_modules/next/dist/client/components/react-dev-overlay/app/hot-reloader-client.js:43
[  189276ms] [LOG] [Fast Refresh] rebuilding @ webpack-internal:///(app-pages-browser)/./node_modules/next/dist/client/components/react-dev-overlay/app/hot-reloader-client.js:186
[  189760ms] [LOG] [Fast Refresh] done in 483ms @ webpack-internal:///(app-pages-browser)/./node_modules/next/dist/client/components/react-dev-overlay/app/hot-reloader-client.js:43
[  197322ms] [LOG] [Fast Refresh] rebuilding @ webpack-internal:///(app-pages-browser)/./node_modules/next/dist/client/components/react-dev-overlay/app/hot-reloader-client.js:186
[  197432ms] [ERROR] ./components/templates/template-preview.tsx
Error: Failed to read source code from C:\Users\thswn\Documents\Playground\wemplate\components\templates\template-preview.tsx

Caused by:
    지정된 파일을 찾을 수 없습니다. (os error 2)

Import trace for requested module:
./components/templates/template-preview.tsx
./components/sections/hero-best-sellers.tsx @ webpack-internal:///(app-pages-browser)/./node_modules/next/dist/client/app-index.js:32
[  246616ms] [ERROR] ./components/templates/template-preview.tsx
Error: Failed to read source code from C:\Users\thswn\Documents\Playground\wemplate\components\templates\template-preview.tsx

Caused by:
    지정된 파일을 찾을 수 없습니다. (os error 2)

Import trace for requested module:
./components/templates/template-preview.tsx
./components/sections/hero-best-sellers.tsx @ webpack-internal:///(app-pages-browser)/./node_modules/next/dist/client/app-index.js:32
[  246616ms] [LOG] [Fast Refresh] rebuilding @ webpack-internal:///(app-pages-browser)/./node_modules/next/dist/client/components/react-dev-overlay/app/hot-reloader-client.js:186
[  247252ms] [LOG] [Fast Refresh] done in 636ms @ webpack-internal:///(app-pages-browser)/./node_modules/next/dist/client/components/react-dev-overlay/app/hot-reloader-client.js:43
[  251959ms] [LOG] [Fast Refresh] rebuilding @ webpack-internal:///(app-pages-browser)/./node_modules/next/dist/client/components/react-dev-overlay/app/hot-reloader-client.js:186
[  252099ms] [ERROR] ./components/sections/hero-best-sellers.tsx
Error: Failed to read source code from C:\Users\thswn\Documents\Playground\wemplate\components\sections\hero-best-sellers.tsx

Caused by:
    지정된 파일을 찾을 수 없습니다. (os error 2)

Import trace for requested module:
./components/sections/hero-best-sellers.tsx
./app/page.tsx @ webpack-internal:///(app-pages-browser)/./node_modules/next/dist/client/app-index.js:32
[  253528ms] [LOG] [Fast Refresh] done in 1569ms @ webpack-internal:///(app-pages-browser)/./node_modules/next/dist/client/components/react-dev-overlay/app/hot-reloader-client.js:43
[  254339ms] [LOG] [Fast Refresh] done in 2379ms @ webpack-internal:///(app-pages-browser)/./node_modules/next/dist/client/components/react-dev-overlay/app/hot-reloader-client.js:43
[  254494ms] [ERROR] ./components/sections/hero-best-sellers.tsx
Error: Failed to read source code from C:\Users\thswn\Documents\Playground\wemplate\components\sections\hero-best-sellers.tsx

Caused by:
    지정된 파일을 찾을 수 없습니다. (os error 2)

Import trace for requested module:
./components/sections/hero-best-sellers.tsx
./app/page.tsx @ webpack-internal:///(app-pages-browser)/./node_modules/next/dist/client/app-index.js:32
[  254795ms] [ERROR] Failed to load resource: the server responded with a status of 500 (Internal Server Error) @ http://localhost:3000/?_rsc=1p60s:0
[  254851ms] [ERROR] Failed to load resource: the server responded with a status of 500 (Internal Server Error) @ http://localhost:3000/?_rsc=1p60s:0
[  254904ms] [ERROR] Failed to load resource: the server responded with a status of 500 (Internal Server Error) @ http://localhost:3000/?_rsc=1p60s:0
[  254957ms] [ERROR] Failed to load resource: the server responded with a status of 500 (Internal Server Error) @ http://localhost:3000/?_rsc=1p60s:0
[  254989ms] [ERROR] Failed to load resource: the server responded with a status of 500 (Internal Server Error) @ http://localhost:3000/:0
[  255329ms] [INFO] %cDownload the React DevTools for a better development experience: https://reactjs.org/link/react-devtools font-weight:bold @ webpack-internal:///./node_modules/react-dom/cjs/react-dom.development.js:29889
[  255375ms] ModuleBuildError: Module build failed (from ./node_modules/next/dist/build/webpack/loaders/next-swc-loader.js):
Error: Failed to read source code from C:\Users\thswn\Documents\Playground\wemplate\components\sections\hero-best-sellers.tsx

Caused by:
    지정된 파일을 찾을 수 없습니다. (os error 2)
    at processResult (file://C:\Users\thswn\Documents\Playground\wemplate\node_modules\next\dist\compiled\webpack\bundle5.js:28:400590)
    at <unknown> (file://C:\Users\thswn\Documents\Playground\wemplate\node_modules\next\dist\compiled\webpack\bundle5.js:28:402302)
    at <unknown> (file://C:\Users\thswn\Documents\Playground\wemplate\node_modules\next\dist\compiled\loader-runner\LoaderRunner.js:1:8645)
    at <unknown> (file://C:\Users\thswn\Documents\Playground\wemplate\node_modules\next\dist\compiled\loader-runner\LoaderRunner.js:1:5019)
    at r.callback (file://C:\Users\thswn\Documents\Playground\wemplate\node_modules\next\dist\compiled\loader-runner\LoaderRunner.js:1:4039)
[  255607ms] [LOG] [HMR] connected @ webpack-internal:///./node_modules/next/dist/client/components/react-dev-overlay/pages/websocket.js:38
[  255614ms] [ERROR] ./components/sections/hero-best-sellers.tsx
Error: Failed to read source code from C:\Users\thswn\Documents\Playground\wemplate\components\sections\hero-best-sellers.tsx

Caused by:
    지정된 파일을 찾을 수 없습니다. (os error 2) @ webpack-internal:///./node_modules/next/dist/client/components/react-dev-overlay/internal/helpers/hydration-error-info.js:62
[  255624ms] [ERROR] ./components/sections/hero-best-sellers.tsx
Error: Failed to read source code from C:\Users\thswn\Documents\Playground\wemplate\components\sections\hero-best-sellers.tsx

Caused by:
    지정된 파일을 찾을 수 없습니다. (os error 2) @ webpack-internal:///./node_modules/next/dist/client/components/react-dev-overlay/internal/helpers/hydration-error-info.js:62
[  275981ms] [LOG] [Fast Refresh] rebuilding @ webpack-internal:///./node_modules/next/dist/client/components/react-dev-overlay/pages/hot-reloader-client.js:221
[  276774ms] [LOG] [Fast Refresh] rebuilding @ webpack-internal:///./node_modules/next/dist/client/components/react-dev-overlay/pages/hot-reloader-client.js:221
[  276780ms] [LOG] [Fast Refresh] rebuilding @ webpack-internal:///./node_modules/next/dist/client/components/react-dev-overlay/pages/hot-reloader-client.js:221
[  277158ms] [ERROR] Failed to load resource: the server responded with a status of 404 (Not Found) @ http://localhost:3000/_next/static/webpack/d64f3a478cff939c.webpack.hot-update.json:0
[  277158ms] [WARNING] [Fast Refresh] performing full reload because your application had an unrecoverable error @ webpack-internal:///./node_modules/next/dist/client/components/react-dev-overlay/pages/hot-reloader-client.js:349
[  277330ms] [LOG] [Fast Refresh] rebuilding @ webpack-internal:///./node_modules/next/dist/client/components/react-dev-overlay/pages/hot-reloader-client.js:221
[  277464ms] [WARNING] [Fast Refresh] performing full reload

Fast Refresh will perform a full reload when you edit a file that's imported by modules outside of the React rendering tree.
You might have a file which exports a React component but also exports a value that is imported by a non-React component file.
Consider migrating the non-React component export to a separate file and importing it into both files.

It is also possible the parent component of the component you edited is a class component, which disables Fast Refresh.
Fast Refresh requires at least one parent function component in your React tree. @ webpack-internal:///./node_modules/next/dist/client/components/react-dev-overlay/pages/hot-reloader-client.js:347
[  277878ms] [INFO] %cDownload the React DevTools for a better development experience: https://reactjs.org/link/react-devtools font-weight:bold @ webpack-internal:///(app-pages-browser)/./node_modules/next/dist/compiled/react-dom/cjs/react-dom.development.js:38559
[  289041ms] [LOG] [Fast Refresh] rebuilding @ webpack-internal:///(app-pages-browser)/./node_modules/next/dist/client/components/react-dev-overlay/app/hot-reloader-client.js:186
[  289192ms] [ERROR] ./components/templates/template-editor.tsx
Error: Failed to read source code from C:\Users\thswn\Documents\Playground\wemplate\components\templates\template-editor.tsx

Caused by:
    지정된 파일을 찾을 수 없습니다. (os error 2)

Import trace for requested module:
./components/templates/template-editor.tsx
./app/templates/[id]/page.tsx @ webpack-internal:///(app-pages-browser)/./node_modules/next/dist/client/app-index.js:32
[  289583ms] [LOG] [Fast Refresh] rebuilding @ webpack-internal:///(app-pages-browser)/./node_modules/next/dist/client/components/react-dev-overlay/app/hot-reloader-client.js:186
[  289605ms] [LOG] [Fast Refresh] done in 23ms @ webpack-internal:///(app-pages-browser)/./node_modules/next/dist/client/components/react-dev-overlay/app/hot-reloader-client.js:43
[  289683ms] [ERROR] ./components/templates/template-editor.tsx
Error: Failed to read source code from C:\Users\thswn\Documents\Playground\wemplate\components\templates\template-editor.tsx

Caused by:
    지정된 파일을 찾을 수 없습니다. (os error 2)

Import trace for requested module:
./components/templates/template-editor.tsx
./app/templates/[id]/page.tsx @ webpack-internal:///(app-pages-browser)/./node_modules/next/dist/client/app-index.js:32
[  289790ms] [ERROR] Failed to load resource: the server responded with a status of 500 (Internal Server Error) @ http://localhost:3000/?_rsc=1p60s:0
[  289826ms] [ERROR] Failed to load resource: the server responded with a status of 500 (Internal Server Error) @ http://localhost:3000/?_rsc=1p60s:0
[  289854ms] [ERROR] Failed to load resource: the server responded with a status of 500 (Internal Server Error) @ http://localhost:3000/:0
[  289977ms] [INFO] %cDownload the React DevTools for a better development experience: https://reactjs.org/link/react-devtools font-weight:bold @ webpack-internal:///./node_modules/react-dom/cjs/react-dom.development.js:29889
[  289995ms] ModuleBuildError: Module build failed (from ./node_modules/next/dist/build/webpack/loaders/next-swc-loader.js):
Error: Failed to read source code from C:\Users\thswn\Documents\Playground\wemplate\components\templates\template-editor.tsx

Caused by:
    지정된 파일을 찾을 수 없습니다. (os error 2)
    at processResult (file://C:\Users\thswn\Documents\Playground\wemplate\node_modules\next\dist\compiled\webpack\bundle5.js:28:400590)
    at <unknown> (file://C:\Users\thswn\Documents\Playground\wemplate\node_modules\next\dist\compiled\webpack\bundle5.js:28:402302)
    at <unknown> (file://C:\Users\thswn\Documents\Playground\wemplate\node_modules\next\dist\compiled\loader-runner\LoaderRunner.js:1:8645)
    at <unknown> (file://C:\Users\thswn\Documents\Playground\wemplate\node_modules\next\dist\compiled\loader-runner\LoaderRunner.js:1:5019)
    at r.callback (file://C:\Users\thswn\Documents\Playground\wemplate\node_modules\next\dist\compiled\loader-runner\LoaderRunner.js:1:4039)
[  289996ms] [LOG] [HMR] connected @ webpack-internal:///./node_modules/next/dist/client/components/react-dev-overlay/pages/websocket.js:38
[  289996ms] [ERROR] ./components/templates/template-editor.tsx
Error: Failed to read source code from C:\Users\thswn\Documents\Playground\wemplate\components\templates\template-editor.tsx

Caused by:
    지정된 파일을 찾을 수 없습니다. (os error 2) @ webpack-internal:///./node_modules/next/dist/client/components/react-dev-overlay/internal/helpers/hydration-error-info.js:62
[  334216ms] [LOG] [Fast Refresh] rebuilding @ webpack-internal:///./node_modules/next/dist/client/components/react-dev-overlay/pages/hot-reloader-client.js:221
[  334747ms] [LOG] [Fast Refresh] rebuilding @ webpack-internal:///./node_modules/next/dist/client/components/react-dev-overlay/pages/hot-reloader-client.js:221
[  335059ms] [ERROR] Failed to load resource: the server responded with a status of 404 (Not Found) @ http://localhost:3000/_next/static/webpack/d64f3a478cff939c.webpack.hot-update.json:0
[  335059ms] [WARNING] [Fast Refresh] performing full reload because your application had an unrecoverable error @ webpack-internal:///./node_modules/next/dist/client/components/react-dev-overlay/pages/hot-reloader-client.js:349
[  335531ms] [INFO] %cDownload the React DevTools for a better development experience: https://reactjs.org/link/react-devtools font-weight:bold @ webpack-internal:///(app-pages-browser)/./node_modules/next/dist/compiled/react-dom/cjs/react-dom.development.js:38559
[  352312ms] [LOG] [Fast Refresh] rebuilding @ webpack-internal:///(app-pages-browser)/./node_modules/next/dist/client/components/react-dev-overlay/app/hot-reloader-client.js:186
[  352744ms] [LOG] [Fast Refresh] done in 432ms @ webpack-internal:///(app-pages-browser)/./node_modules/next/dist/client/components/react-dev-overlay/app/hot-reloader-client.js:43
[  360112ms] [LOG] [Fast Refresh] rebuilding @ webpack-internal:///(app-pages-browser)/./node_modules/next/dist/client/components/react-dev-overlay/app/hot-reloader-client.js:186
[  360469ms] [LOG] [Fast Refresh] done in 357ms @ webpack-internal:///(app-pages-browser)/./node_modules/next/dist/client/components/react-dev-overlay/app/hot-reloader-client.js:43
[  365719ms] [LOG] [Fast Refresh] rebuilding @ webpack-internal:///(app-pages-browser)/./node_modules/next/dist/client/components/react-dev-overlay/app/hot-reloader-client.js:186
[  365942ms] [LOG] [Fast Refresh] done in 224ms @ webpack-internal:///(app-pages-browser)/./node_modules/next/dist/client/components/react-dev-overlay/app/hot-reloader-client.js:43
[  382982ms] [LOG] [Fast Refresh] rebuilding @ webpack-internal:///(app-pages-browser)/./node_modules/next/dist/client/components/react-dev-overlay/app/hot-reloader-client.js:186
[  383411ms] [LOG] [Fast Refresh] done in 430ms @ webpack-internal:///(app-pages-browser)/./node_modules/next/dist/client/components/react-dev-overlay/app/hot-reloader-client.js:43
[  392928ms] [LOG] [Fast Refresh] rebuilding @ webpack-internal:///(app-pages-browser)/./node_modules/next/dist/client/components/react-dev-overlay/app/hot-reloader-client.js:186
[  393257ms] [LOG] [Fast Refresh] done in 328ms @ webpack-internal:///(app-pages-browser)/./node_modules/next/dist/client/components/react-dev-overlay/app/hot-reloader-client.js:43
[  411033ms] [LOG] [Fast Refresh] rebuilding @ webpack-internal:///(app-pages-browser)/./node_modules/next/dist/client/components/react-dev-overlay/app/hot-reloader-client.js:186
[  411221ms] [LOG] [Fast Refresh] done in 189ms @ webpack-internal:///(app-pages-browser)/./node_modules/next/dist/client/components/react-dev-overlay/app/hot-reloader-client.js:43
[  423353ms] [LOG] [Fast Refresh] rebuilding @ webpack-internal:///(app-pages-browser)/./node_modules/next/dist/client/components/react-dev-overlay/app/hot-reloader-client.js:186
[  423516ms] [LOG] [Fast Refresh] done in 162ms @ webpack-internal:///(app-pages-browser)/./node_modules/next/dist/client/components/react-dev-overlay/app/hot-reloader-client.js:43
[  440175ms] [LOG] [Fast Refresh] rebuilding @ webpack-internal:///(app-pages-browser)/./node_modules/next/dist/client/components/react-dev-overlay/app/hot-reloader-client.js:186
[  440566ms] [LOG] [Fast Refresh] done in 392ms @ webpack-internal:///(app-pages-browser)/./node_modules/next/dist/client/components/react-dev-overlay/app/hot-reloader-client.js:43
[  447098ms] [LOG] [Fast Refresh] rebuilding @ webpack-internal:///(app-pages-browser)/./node_modules/next/dist/client/components/react-dev-overlay/app/hot-reloader-client.js:186
[  447418ms] [LOG] [Fast Refresh] done in 321ms @ webpack-internal:///(app-pages-browser)/./node_modules/next/dist/client/components/react-dev-overlay/app/hot-reloader-client.js:43
