[    1993ms] [ERROR] Failed to load resource: the server responded with a status of 500 (Internal Server Error) @ http://localhost:3000/:0
[    2485ms] [INFO] %cDownload the React DevTools for a better development experience: https://reactjs.org/link/react-devtools font-weight:bold @ webpack-internal:///./node_modules/react-dom/cjs/react-dom.development.js:29889
[    2548ms] TypeError: __webpack_modules__[moduleId] is not a function
    at Object.__webpack_require__ [as require] (file://C:\Users\thswn\Documents\Playground\wemplate\.next\server\webpack-runtime.js:33:42)
    at require (file://C:\Users\thswn\Documents\Playground\wemplate\node_modules\next\dist\compiled\next-server\app-page.runtime.dev.js:40:20064)
    at <unknown> (file://C:\Users\thswn\Documents\Playground\wemplate\node_modules\next\dist\compiled\next-server\app-page.runtime.dev.js:35:108376)
    at ea (file://C:\Users\thswn\Documents\Playground\wemplate\node_modules\next\dist\compiled\next-server\app-page.runtime.dev.js:35:108583)
    at <unknown> (file://C:\Users\thswn\Documents\Playground\wemplate\node_modules\next\dist\compiled\next-server\app-page.runtime.dev.js:35:110813)
    at Object._fromJSON (file://C:\Users\thswn\Documents\Playground\wemplate\node_modules\next\dist\compiled\next-server\app-page.runtime.dev.js:35:111370)
    at JSON.parse (<anonymous>)
    at ec (file://C:\Users\thswn\Documents\Playground\wemplate\node_modules\next\dist\compiled\next-server\app-page.runtime.dev.js:35:109078)
    at eo (file://C:\Users\thswn\Documents\Playground\wemplate\node_modules\next\dist\compiled\next-server\app-page.runtime.dev.js:35:108123)
    at <unknown> (file://C:\Users\thswn\Documents\Playground\wemplate\node_modules\next\dist\compiled\next-server\app-page.runtime.dev.js:35:115291)
    at <unknown> (file://C:\Users\thswn\Documents\Playground\wemplate\node_modules\next\dist\compiled\next-server\app-page.runtime.dev.js:35:115308)
    at <unknown> (file://C:\Users\thswn\Documents\Playground\wemplate\node_modules\next\dist\compiled\next-server\app-page.runtime.dev.js:35:115341)
    at <unknown> (file://C:\Users\thswn\Documents\Playground\wemplate\node_modules\next\dist\compiled\next-server\app-page.runtime.dev.js:35:115358)
    at t (file://C:\Users\thswn\Documents\Playground\wemplate\node_modules\next\dist\compiled\next-server\app-page.runtime.dev.js:35:115581)
[    2543ms] [LOG] [HMR] connected @ webpack-internal:///./node_modules/next/dist/client/components/react-dev-overlay/pages/websocket.js:38
[    3002ms] [LOG] [Fast Refresh] rebuilding @ webpack-internal:///./node_modules/next/dist/client/components/react-dev-overlay/pages/hot-reloader-client.js:221
[    3121ms] [WARNING] [Fast Refresh] performing full reload because your application had an unrecoverable error @ webpack-internal:///./node_modules/next/dist/client/components/react-dev-overlay/pages/hot-reloader-client.js:349
[    8559ms] [ERROR] Failed to load resource: the server responded with a status of 500 (Internal Server Error) @ http://localhost:3000/_next/static/css/app/layout.css?v=1778631992779:0
[    8597ms] [ERROR] Failed to load resource: the server responded with a status of 500 (Internal Server Error) @ http://localhost:3000/_next/static/chunks/app-pages-internals.js:0
[    8597ms] [ERROR] Failed to load resource: the server responded with a status of 500 (Internal Server Error) @ http://localhost:3000/_next/static/chunks/main-app.js?v=1778631992779:0
[    8597ms] [ERROR] Failed to load resource: the server responded with a status of 500 (Internal Server Error) @ http://localhost:3000/_next/static/chunks/app/page.js:0
